warning: Git tree '/home/jeremy/nix' is dirty
building the system configuration...
warning: Git tree '/home/jeremy/nix' is dirty
evaluation warning: 'system' has been renamed to/replaced by 'stdenv.hostPlatform.system'
evaluation warning: 'system' has been renamed to/replaced by 'stdenv.hostPlatform.system'
evaluation warning: jeremy profile: The option `programs.git.userEmail' defined in `/nix/store/5y147j27kn534gc16qmv2wbgh13dgccs-source/home/jeremy/common.nix' has been renamed to `programs.git.settings.user.email'.
evaluation warning: jeremy profile: The option `programs.git.userName' defined in `/nix/store/5y147j27kn534gc16qmv2wbgh13dgccs-source/home/jeremy/common.nix' has been renamed to `programs.git.settings.user.name'.
these 6 derivations will be built:
  /nix/store/swkvzyzfcg7wc1xi4w3303ypd3mx9npm-home-manager-files.drv
  /nix/store/3s511r9bzygxfrdsfxq3pbj65v85h10x-home-manager-generation.drv
  /nix/store/a06zdb872fb4w5m3629fpmjmsppil147-unit-home-manager-jeremy.service.drv
  /nix/store/m4z8pdlv8z02iy1z8p2jshn10s7b98cq-system-units.drv
  /nix/store/mn06b1x129pby3xcdclbfb83qi8c47h7-etc.drv
  /nix/store/230gli3c5jynn0dqgs7r9wgj5y5qqkdf-nixos-system-nixos-laptop-26.05.20251202.418468a.drv
building '/nix/store/swkvzyzfcg7wc1xi4w3303ypd3mx9npm-home-manager-files.drv'...
building '/nix/store/3s511r9bzygxfrdsfxq3pbj65v85h10x-home-manager-generation.drv'...
building '/nix/store/a06zdb872fb4w5m3629fpmjmsppil147-unit-home-manager-jeremy.service.drv'...
building '/nix/store/m4z8pdlv8z02iy1z8p2jshn10s7b98cq-system-units.drv'...
building '/nix/store/mn06b1x129pby3xcdclbfb83qi8c47h7-etc.drv'...
building '/nix/store/230gli3c5jynn0dqgs7r9wgj5y5qqkdf-nixos-system-nixos-laptop-26.05.20251202.418468a.drv'...
activating the configuration...
setting up /etc...
reloading user units for jeremy...
restarting sysinit-reactivation.target
the following new units were started: NetworkManager-dispatcher.service, sysinit-reactivation.target, systemd-tmpfiles-resetup.service
Done. The new configuration is /nix/store/vqbi5z85b4ayrsmdcd61q96gn79gdykp-nixos-system-nixos-laptop-26.05.20251202.418468a
